<?xml version="1.0" encoding="UTF-8"?>
<!-- Generated by org.testng.reporters.JUnitXMLReporter -->
<testsuite ignored="0" hostname="Yashikas-MacBook-Air-2.local" failures="0" tests="6" name="AllTests" time="28.048" errors="0" timestamp="2026-06-17T18:37:17 IST">
  <testcase classname="neuraexplain.HistoryModeFilter" name="testHistoryModeFilter" time="6.813"/>
  <testcase classname="neuraexplain.WrongOtpTest" name="testWrongOTPShowsError" time="4.872"/>
  <testcase classname="neuraexplain.LoginTest" name="testLogin" time="2.264"/>
  <testcase classname="neuraexplain.NewChatTest" name="testNewChatResetsComposer" time="2.733"/>
  <testcase classname="neuraexplain.ChatTest" name="testModeSuggestion" time="2.751"/>
  <testcase classname="neuraexplain.RegisterTest" name="testRegisterPage" time="6.77"/>
</testsuite> <!-- AllTests -->
